Configuration file: /Users/jangyoung/Documents/Github/akillness.github.io/_config.yml
 Theme Config file: /Users/jangyoung/Documents/Github/akillness.github.io/_config.yml
            Source: /Users/jangyoung/Documents/Github/akillness.github.io
       Destination: /Users/jangyoung/Documents/Github/akillness.github.io/_site
 Incremental build: disabled. Enable with --incremental
      Generating... 
[31m  Liquid Exception: Liquid syntax error (line 232): Unknown tag 'endraw' in /Users/jangyoung/Documents/Github/akillness.github.io/_posts/2025-11-24-microsoft-fara-7b-efficient-agentic-computer-use.md[0m
bundler: failed to load command: jekyll (/Users/jangyoung/.rbenv/versions/3.0.6/bin/jekyll)
/Users/jangyoung/.rbenv/versions/3.0.6/lib/ruby/gems/3.0.0/gems/liquid-4.0.4/lib/liquid/document.rb:23:in `unknown_tag': Liquid syntax error (line 232): Unknown tag 'endraw' (Liquid::SyntaxError)
	from /Users/jangyoung/.rbenv/versions/3.0.6/lib/ruby/gems/3.0.0/gems/liquid-4.0.4/lib/liquid/document.rb:11:in `block in parse'
	from /Users/jangyoung/.rbenv/versions/3.0.6/lib/ruby/gems/3.0.0/gems/liquid-4.0.4/lib/liquid/block_body.rb:32:in `parse'
	from /Users/jangyoung/.rbenv/versions/3.0.6/lib/ruby/gems/3.0.0/gems/liquid-4.0.4/lib/liquid/document.rb:10:in `parse'
	from /Users/jangyoung/.rbenv/versions/3.0.6/lib/ruby/gems/3.0.0/gems/liquid-4.0.4/lib/liquid/document.rb:5:in `parse'
	from /Users/jangyoung/.rbenv/versions/3.0.6/lib/ruby/gems/3.0.0/gems/liquid-4.0.4/lib/liquid/template.rb:130:in `parse'
	from /Users/jangyoung/.rbenv/versions/3.0.6/lib/ruby/gems/3.0.0/gems/liquid-4.0.4/lib/liquid/template.rb:114:in `parse'
	from /Users/jangyoung/.rbenv/versions/3.0.6/lib/ruby/gems/3.0.0/gems/jekyll-4.4.1/lib/jekyll/liquid_renderer/file.rb:13:in `block in parse'
	from /Users/jangyoung/.rbenv/versions/3.0.6/lib/ruby/gems/3.0.0/gems/jekyll-4.4.1/lib/jekyll/liquid_renderer/file.rb:70:in `measure_time'
	from /Users/jangyoung/.rbenv/versions/3.0.6/lib/ruby/gems/3.0.0/gems/jekyll-4.4.1/lib/jekyll/liquid_renderer/file.rb:12:in `parse'
	from /Users/jangyoung/.rbenv/versions/3.0.6/lib/ruby/gems/3.0.0/gems/jekyll-4.4.1/lib/jekyll/renderer.rb:124:in `render_liquid'
	from /Users/jangyoung/.rbenv/versions/3.0.6/lib/ruby/gems/3.0.0/gems/jekyll-4.4.1/lib/jekyll/renderer.rb:80:in `render_document'
	from /Users/jangyoung/.rbenv/versions/3.0.6/lib/ruby/gems/3.0.0/gems/jekyll-4.4.1/lib/jekyll/renderer.rb:63:in `run'
	from /Users/jangyoung/.rbenv/versions/3.0.6/lib/ruby/gems/3.0.0/gems/jekyll-4.4.1/lib/jekyll/site.rb:572:in `render_regenerated'
	from /Users/jangyoung/.rbenv/versions/3.0.6/lib/ruby/gems/3.0.0/gems/jekyll-4.4.1/lib/jekyll/site.rb:557:in `block (2 levels) in render_docs'
	from /Users/jangyoung/.rbenv/versions/3.0.6/lib/ruby/gems/3.0.0/gems/jekyll-4.4.1/lib/jekyll/site.rb:556:in `each'
	from /Users/jangyoung/.rbenv/versions/3.0.6/lib/ruby/gems/3.0.0/gems/jekyll-4.4.1/lib/jekyll/site.rb:556:in `block in render_docs'
	from /Users/jangyoung/.rbenv/versions/3.0.6/lib/ruby/gems/3.0.0/gems/jekyll-4.4.1/lib/jekyll/site.rb:555:in `each_value'
	from /Users/jangyoung/.rbenv/versions/3.0.6/lib/ruby/gems/3.0.0/gems/jekyll-4.4.1/lib/jekyll/site.rb:555:in `render_docs'
	from /Users/jangyoung/.rbenv/versions/3.0.6/lib/ruby/gems/3.0.0/gems/jekyll-4.4.1/lib/jekyll/site.rb:210:in `render'
	from /Users/jangyoung/.rbenv/versions/3.0.6/lib/ruby/gems/3.0.0/gems/jekyll-4.4.1/lib/jekyll/site.rb:80:in `process'
	from /Users/jangyoung/.rbenv/versions/3.0.6/lib/ruby/gems/3.0.0/gems/jekyll-4.4.1/lib/jekyll/command.rb:28:in `process_site'
	from /Users/jangyoung/.rbenv/versions/3.0.6/lib/ruby/gems/3.0.0/gems/jekyll-4.4.1/lib/jekyll/commands/build.rb:65:in `build'
	from /Users/jangyoung/.rbenv/versions/3.0.6/lib/ruby/gems/3.0.0/gems/jekyll-4.4.1/lib/jekyll/commands/build.rb:36:in `process'
	from /Users/jangyoung/.rbenv/versions/3.0.6/lib/ruby/gems/3.0.0/gems/jekyll-4.4.1/lib/jekyll/command.rb:91:in `block in process_with_graceful_fail'
	from /Users/jangyoung/.rbenv/versions/3.0.6/lib/ruby/gems/3.0.0/gems/jekyll-4.4.1/lib/jekyll/command.rb:91:in `each'
	from /Users/jangyoung/.rbenv/versions/3.0.6/lib/ruby/gems/3.0.0/gems/jekyll-4.4.1/lib/jekyll/command.rb:91:in `process_with_graceful_fail'
	from /Users/jangyoung/.rbenv/versions/3.0.6/lib/ruby/gems/3.0.0/gems/jekyll-4.4.1/lib/jekyll/commands/build.rb:18:in `block (2 levels) in init_with_program'
	from /Users/jangyoung/.rbenv/versions/3.0.6/lib/ruby/gems/3.0.0/gems/mercenary-0.4.0/lib/mercenary/command.rb:221:in `block in execute'
	from /Users/jangyoung/.rbenv/versions/3.0.6/lib/ruby/gems/3.0.0/gems/mercenary-0.4.0/lib/mercenary/command.rb:221:in `each'
	from /Users/jangyoung/.rbenv/versions/3.0.6/lib/ruby/gems/3.0.0/gems/mercenary-0.4.0/lib/mercenary/command.rb:221:in `execute'
	from /Users/jangyoung/.rbenv/versions/3.0.6/lib/ruby/gems/3.0.0/gems/mercenary-0.4.0/lib/mercenary/program.rb:44:in `go'
	from /Users/jangyoung/.rbenv/versions/3.0.6/lib/ruby/gems/3.0.0/gems/mercenary-0.4.0/lib/mercenary.rb:21:in `program'
	from /Users/jangyoung/.rbenv/versions/3.0.6/lib/ruby/gems/3.0.0/gems/jekyll-4.4.1/exe/jekyll:15:in `<top (required)>'
	from /Users/jangyoung/.rbenv/versions/3.0.6/bin/jekyll:25:in `load'
	from /Users/jangyoung/.rbenv/versions/3.0.6/bin/jekyll:25:in `<top (required)>'
	from /Users/jangyoung/.rbenv/versions/3.0.6/lib/ruby/gems/3.0.0/gems/bundler-2.5.23/lib/bundler/cli/exec.rb:58:in `load'
	from /Users/jangyoung/.rbenv/versions/3.0.6/lib/ruby/gems/3.0.0/gems/bundler-2.5.23/lib/bundler/cli/exec.rb:58:in `kernel_load'
	from /Users/jangyoung/.rbenv/versions/3.0.6/lib/ruby/gems/3.0.0/gems/bundler-2.5.23/lib/bundler/cli/exec.rb:23:in `run'
	from /Users/jangyoung/.rbenv/versions/3.0.6/lib/ruby/gems/3.0.0/gems/bundler-2.5.23/lib/bundler/cli.rb:456:in `exec'
	from /Users/jangyoung/.rbenv/versions/3.0.6/lib/ruby/gems/3.0.0/gems/bundler-2.5.23/lib/bundler/vendor/thor/lib/thor/command.rb:28:in `run'
	from /Users/jangyoung/.rbenv/versions/3.0.6/lib/ruby/gems/3.0.0/gems/bundler-2.5.23/lib/bundler/vendor/thor/lib/thor/invocation.rb:127:in `invoke_command'
	from /Users/jangyoung/.rbenv/versions/3.0.6/lib/ruby/gems/3.0.0/gems/bundler-2.5.23/lib/bundler/vendor/thor/lib/thor.rb:527:in `dispatch'
	from /Users/jangyoung/.rbenv/versions/3.0.6/lib/ruby/gems/3.0.0/gems/bundler-2.5.23/lib/bundler/cli.rb:35:in `dispatch'
	from /Users/jangyoung/.rbenv/versions/3.0.6/lib/ruby/gems/3.0.0/gems/bundler-2.5.23/lib/bundler/vendor/thor/lib/thor/base.rb:584:in `start'
	from /Users/jangyoung/.rbenv/versions/3.0.6/lib/ruby/gems/3.0.0/gems/bundler-2.5.23/lib/bundler/cli.rb:29:in `start'
	from /Users/jangyoung/.rbenv/versions/3.0.6/lib/ruby/gems/3.0.0/gems/bundler-2.5.23/exe/bundle:28:in `block in <top (required)>'
	from /Users/jangyoung/.rbenv/versions/3.0.6/lib/ruby/gems/3.0.0/gems/bundler-2.5.23/lib/bundler/friendly_errors.rb:117:in `with_friendly_errors'
	from /Users/jangyoung/.rbenv/versions/3.0.6/lib/ruby/gems/3.0.0/gems/bundler-2.5.23/exe/bundle:20:in `<top (required)>'
	from /Users/jangyoung/.rbenv/versions/3.0.6/bin/bundle:23:in `load'
	from /Users/jangyoung/.rbenv/versions/3.0.6/bin/bundle:23:in `<main>'
